<?xml version="1.0" encoding="UTF-8"?>
<!-- Generated by org.testng.reporters.JUnitReportReporter -->
<testsuite hostname="knoldus-Latitude-3520" failures="0" tests="4" name="cucumberOptions.TestRunner" time="6.673" errors="0" timestamp="2023-01-20T16:44:51 IST" skipped="0">
  <testcase classname="cucumberOptions.TestRunner" name="runScenario" time="1.494"/>
  <system-out/>
  <testcase classname="cucumberOptions.TestRunner" name="runScenario" time="1.252"/>
  <system-out/>
  <testcase classname="cucumberOptions.TestRunner" name="runScenario" time="1.378"/>
  <system-out/>
  <testcase classname="cucumberOptions.TestRunner" name="runScenario" time="2.549"/>
  <system-out/>
</testsuite> <!-- cucumberOptions.TestRunner -->
